<?xml version="1.0" encoding="UTF-8"?>
<testng-results ignored="0" total="1" passed="1" failed="0" skipped="0">
  <reporter-output>
  </reporter-output>
  <suite started-at="2023-06-17T10:28:36 IST" name="Suite" finished-at="2023-06-17T10:28:38 IST" duration-ms="1592">
    <groups>
    </groups>
    <test started-at="2023-06-17T10:28:36 IST" name="Test" finished-at="2023-06-17T10:28:38 IST" duration-ms="1592">
      <class name="vtigerAPITestScripts.CreateUser">
        <test-method is-config="true" signature="bsconfig()[pri:0, instance:vtigerAPITestScripts.CreateUser@a38c7fe]" started-at="2023-06-17T10:28:36 IST" name="bsconfig" finished-at="2023-06-17T10:28:36 IST" duration-ms="362" status="PASS">
          <reporter-output>
          </reporter-output>
        </test-method> <!-- bsconfig -->
        <test-method signature="createUserTesT()[pri:0, instance:vtigerAPITestScripts.CreateUser@a38c7fe]" started-at="2023-06-17T10:28:36 IST" name="createUserTesT" finished-at="2023-06-17T10:28:38 IST" duration-ms="1575" status="PASS">
          <reporter-output>
          </reporter-output>
        </test-method> <!-- createUserTesT -->
        <test-method is-config="true" signature="asConfig()[pri:0, instance:vtigerAPITestScripts.CreateUser@a38c7fe]" started-at="2023-06-17T10:28:38 IST" name="asConfig" finished-at="2023-06-17T10:28:38 IST" duration-ms="1" status="PASS">
          <reporter-output>
          </reporter-output>
        </test-method> <!-- asConfig -->
      </class> <!-- vtigerAPITestScripts.CreateUser -->
    </test> <!-- Test -->
  </suite> <!-- Suite -->
</testng-results>
